n/1556616226167.jpg
n/1556616225368.jpg
n/1556616226245.jpg
n/1556616226676.jpg
n/1556616225367.JPG
n/1556616226775.JPG
n/1556616225766.jpg
n/1556616226351.jpg
n/1556616226125.jpg
n/1556616226889.jpg
n/1556616226380.jpg
n/1556616226211.jpg
n/1556616226212.jpg
n/1556616226935.jpg
n/1556616227013.jpg
n/1556616225339.jpg
n/1556616226923.jpg
n/1556616225562.jpg
n/1556616226200.jpg
n/1556616226798.jpg
n/1556616226912.jpg
n/1556616226424.jpg
n/1556616226853.jpg
n/1556616225777.jpg
n/1556616226720.jpg
n/1556616226675.jpg
n/1556616226103.jpg
n/1556616227001.jpg
n/1556616226990.jpg
n/1556616225340.jpg
n/1556616226731.jpg
n/1556616223697.jpg
n/1556616226687.jpg
n/1556616226957.jpg
n/1556616226809.jpg
n/1556616225338.jpg
n/1556616226901.jpg
n/1556616227057.jpg
n/1556616225778.jpg
n/1556616226820.jpg
n/1556616225426.jpg
n/1556616226367.jpeg
n/1556616226234.JPG
n/1556616226340.jpg
n/1556616226787.jpg
n/1556616226391.jpg
n/1556616225653.jpg
n/1556616226413.JPG
n/1556616225550.jpg
n/1556616226189.jpg
n/1556616226786.jpg
n/1556616226114.jpg
n/1556616224687.jpg
n/1556616226742.JPG
n/1556616226329.jpg
n/1556616226900.jpg
n/1556616227012.jpg
n/1556616226178.jpg
n/1556616223551.jpg
n/1556616224855.jpg
n/1556616223435.jpg
n/1556616225268.jpg
n/1556616226946.jpg
n/1556616225551.jpg
n/1556616227046.jpg
n/1556616223169.jpg
n/1556616223300.jpg
n/1556616226709.jpg
n/1556616224204.jpg
n/1556616226256.jpg
n/1556616226368.jpg
n/1556616225333.jpg
n/1556616226968.jpg
n/1556616225573.jpg
n/1556616226435.jpg
n/1556616226223.jpg
n/1556616225334.jpg
n/1556616225642.jpg
n/1556616225664.jpg
n/1556616225789.jpg
n/1556616226156.jpg
n/1556616227068.jpg
n/1556616226764.jpg
n/1556616226698.jpg
n/1556616226318.jpg
n/1556616225755.jpg
n/1556616225694.jpg
n/1556616227035.JPG
n/1556616226369.jpg
n/1556616225642.png
n/1556616226842.jpg
n/1556616226661.jpg
n/1556616225766.png
n/1556616226156.png
n/1556616223435.png
n/1556616226402.jpg
n/1556616223168.png
n/1556616225664.png
n/1556616224855.png
n/1556616225426.png
n/1556616225573.png
n/1556616226114.png
n/1556616226979.jpg
n/1556616226211.png
n/1556616226297.png
n/1556616223168.jpg
n/1556616226446.jpg
n/1556616226200.png
n/1556616223697.png
n/1556616224204.png
n/1556616225337.jpg
n/1556616223300.png
n/1556616223167.jpeg
n/1556616225705.jpg
n/1556616225341.jpg
n/1556616225705.png
n/1556616226675.png
n/1556616225549.jpeg
n/1556616225653.png
n/1556616225551.png
n/1556616225789.png
n/1556616227012.png
n/1556616225332.jpg
n/1556616226307.jpg
n/1556616226245.png
n/1556616226753.jpg
n/1556616226875.jpg
n/1556616226864.jpg
n/1556616223169.png
n/1556616225562.png
n/1556616225777.png
n/1556616225550.png
n/1556616226831.jpg
n/1556616225778.png
n/1556616226103.png
n/1556616225694.png
n/1556616225755.png
n/1556616226368.png
n/1556616226900.png
n/1556616226189.png
n/1556616226125.png
n/1556616225336.jpg
n/1556616226223.png
n/1556616225776.jpeg
n/1556616225331.jpg
n/1556616226234.png
n/1556616226644.jpg
n/1556616225268.png
n/1556616226212.png
n/1556616226167.png
n/1556616226786.png
n/1556616226210.jpeg
n/1556616226178.png
n/1556616223551.png
n/1556616227024.jpg
n/1556616224687.png
n/1556616225329.jpg
n/1556616225330.jpg
n/1556616225328.jpg
n/1556616225326.jpg
n/1556616225327.jpg
n/1556616225322.jpg
n/1556616225323.jpg
n/1556616225325.jpg
n/1556616225320.jpg
n/1556616225321.jpg
n/1556616225319.jpg
n/1556616225316.jpg
n/1556616225317.jpg
n/1556616225318.jpg
n/1556616225314.jpg
n/1556616225315.jpg
n/1556616225311.jpg
n/1556616225312.jpg
n/1556616225309.jpg
n/1556616225310.jpg
n/1556616225307.jpg
n/1556616225308.jpg
n/1556616225305.jpg
n/1556616225306.jpg
n/1556616225303.jpg
n/1556616225304.jpg
n/1556616225299.jpg
n/1556616225300.jpg
n/1556616225301.jpg
n/1556616225297.jpg
n/1556616225298.jpg
n/1556616225295.jpg
n/1556616225296.jpg
n/1556616225292.jpg
n/1556616225293.jpg
n/1556616225294.jpg
n/1556616225289.jpg
n/1556616225290.jpg
n/1556616225286.jpg
n/1556616225287.jpg
n/1556616225288.jpg
n/1556616225284.jpg
n/1556616225285.jpg
n/1556616225282.jpg
n/1556616225283.jpg
n/1556616225279.jpg
n/1556616225281.jpg
n/1556616225278.jpg
n/1556616225277.jpg
n/1556616225274.jpg
n/1556616225275.jpg
n/1556616225276.jpg
n/1556616225272.jpg
n/1556616225273.jpg
n/1556616225271.jpg
n/1556616225270.jpg
n/1556616225267.jpg
n/1556616225266.jpg
n/1556616225264.jpg
n/1556616225265.jpg
n/1556616225238.jpg
n/1556616225263.jpg
n/1556616225236.jpg
n/1556616225237.jpg
n/1556616225232.jpg
n/1556616225234.jpg
n/1556616225235.jpg
n/1556616225230.jpg
n/1556616225231.jpg
n/1556616225229.jpg
n/1556616225227.jpg
n/1556616225228.jpg
n/1556616225226.jpg
n/1556616225224.jpg
n/1556616225225.jpg
n/1556616225221.jpg
n/1556616225223.jpg
n/1556616225220.jpg
n/1556616225218.jpg
n/1556616225219.jpg
n/1556616225215.jpg
n/1556616225216.jpg
n/1556616225217.jpg
n/1556616225214.jpg
n/1556616225212.jpg
n/1556616225213.jpg
n/1556616225208.jpg
n/1556616225209.jpg
n/1556616225210.jpg
n/1556616225174.jpg
n/1556616225207.jpg
n/1556616225096.jpg
n/1556616225173.jpg
n/1556616225093.jpg
n/1556616225094.jpg
n/1556616225095.jpg
n/1556616225090.jpg
n/1556616225091.jpg
n/1556616225087.jpg
n/1556616225088.jpg
n/1556616225089.jpg
n/1556616225085.jpg
n/1556616225086.jpg
n/1556616225083.jpg
n/1556616225084.jpg
n/1556616225082.jpg
n/1556616225079.jpg
n/1556616225080.jpg
n/1556616225078.jpg
n/1556616225076.jpg
n/1556616225077.jpg
n/1556616225075.jpg
n/1556616225073.jpg
n/1556616225074.jpg
n/1556616225071.jpg
n/1556616225072.jpg
n/1556616225068.jpg
n/1556616225069.jpg
n/1556616225066.jpg
n/1556616225067.jpg
n/1556616225063.jpg
n/1556616225064.jpg
n/1556616225065.jpg
n/1556616225061.jpg
n/1556616225062.jpg
n/1556616225058.jpg
n/1556616225060.jpg
n/1556616225057.jpg
n/1556616225037.jpg
n/1556616225056.jpg
n/1556616225033.jpg
n/1556616225034.jpg
n/1556616225036.jpg
n/1556616225028.jpg
n/1556616225030.jpg
n/1556616225027.jpg
n/1556616225024.jpg
n/1556616225020.jpg
n/1556616225022.jpg
n/1556616225018.jpg
n/1556616225015.jpg
n/1556616225017.jpg
n/1556616225014.jpg
n/1556616224869.jpg
n/1556616224870.jpg
n/1556616224868.jpg
n/1556616224865.jpg
n/1556616224866.jpg
n/1556616224864.jpg
n/1556616224863.jpg
n/1556616224861.jpg
n/1556616224862.jpg
n/1556616224859.jpg
n/1556616224860.jpg
n/1556616224857.jpg
n/1556616224858.jpg
n/1556616224854.jpg
n/1556616224853.jpg
n/1556616224850.jpg
n/1556616224851.jpg
n/1556616224852.jpg
n/1556616224848.jpg
n/1556616224849.jpg
n/1556616224845.jpg
n/1556616224846.jpg
n/1556616224847.jpg
n/1556616224842.jpg
n/1556616224843.jpg
n/1556616224841.jpg
n/1556616224840.jpg
n/1556616224837.jpg
n/1556616224838.jpg
n/1556616224839.jpg
n/1556616224835.jpg
n/1556616224836.jpg
n/1556616224832.jpg
n/1556616224834.jpg
n/1556616224830.jpg
n/1556616224831.jpg
n/1556616224829.jpg
n/1556616224827.jpg
n/1556616224828.jpg
n/1556616224826.jpg
n/1556616224824.jpg
n/1556616224825.jpg
n/1556616224821.jpg
n/1556616224823.jpg
n/1556616224819.jpg
n/1556616224820.jpg
n/1556616224818.jpg
n/1556616224815.jpg
n/1556616224817.jpg
n/1556616224814.jpg
n/1556616224813.jpg
n/1556616224809.jpg
n/1556616224811.jpg
n/1556616224812.jpg
n/1556616224807.jpg
n/1556616224808.jpg
n/1556616224804.jpg
n/1556616224805.jpg
n/1556616224806.jpg
n/1556616224801.jpg
n/1556616224802.jpg
n/1556616224803.jpg
n/1556616224797.jpg
n/1556616224798.jpg
n/1556616224800.jpg
n/1556616224795.jpg
n/1556616224796.jpg
n/1556616224794.jpg
n/1556616224792.jpg
n/1556616224793.jpg
n/1556616224787.jpg
n/1556616224789.jpg
n/1556616224790.jpg
n/1556616224791.jpg
n/1556616224783.jpg
n/1556616224784.jpg
n/1556616224785.jpg
n/1556616224786.jpg
n/1556616224780.jpg
n/1556616224781.jpg
n/1556616224782.jpg
n/1556616224778.jpg
n/1556616224779.jpg
n/1556616224774.jpg
n/1556616224775.jpg
n/1556616224776.jpg
n/1556616224771.jpg
n/1556616224772.jpg
n/1556616224773.jpg
n/1556616224768.jpg
n/1556616224769.jpg
n/1556616224770.jpg
n/1556616224765.jpg
n/1556616224767.jpg
n/1556616224763.jpg
n/1556616224764.jpg
n/1556616224760.jpg
n/1556616224761.jpg
n/1556616224762.jpg
n/1556616224758.jpg
n/1556616224759.jpg
n/1556616224756.jpg
n/1556616224757.jpg
n/1556616224752.jpg
n/1556616224753.jpg
n/1556616224754.jpg
n/1556616224751.jpg
n/1556616224693.jpg
n/1556616224694.jpg
n/1556616224691.jpg
n/1556616224692.jpg
n/1556616224690.jpg
n/1556616224686.jpg
n/1556616224689.jpg
n/1556616224684.jpg
n/1556616224685.jpg
n/1556616224682.jpg
n/1556616224683.jpg
n/1556616224680.jpg
n/1556616224681.jpg
n/1556616224679.jpg
n/1556616224678.jpg
n/1556616224677.jpg
n/1556616224674.jpg
n/1556616224675.jpg
n/1556616224673.jpg
n/1556616224671.jpg
n/1556616224672.jpg
n/1556616224669.jpg
n/1556616224670.jpg
n/1556616224665.jpg
n/1556616224668.jpg
n/1556616224662.jpg
n/1556616224664.jpg
n/1556616224661.jpg
n/1556616224659.jpg
n/1556616224660.jpg
n/1556616224656.jpg
n/1556616224657.jpg
n/1556616224658.jpg
n/1556616224654.jpg
n/1556616224655.jpg
n/1556616224651.jpg
n/1556616224653.jpg
n/1556616224649.jpg
n/1556616224650.jpg
n/1556616224646.jpg
n/1556616224647.jpg
n/1556616224648.jpg
n/1556616224645.jpg
n/1556616224643.jpg
n/1556616224644.jpg
n/1556616224640.jpg
n/1556616224642.jpg
n/1556616224639.jpg
n/1556616224637.jpg
n/1556616224638.jpg
n/1556616224636.jpg
n/1556616224635.jpg
n/1556616224634.jpg
n/1556616224633.jpg
n/1556616224632.jpg
n/1556616224629.jpg
n/1556616224631.jpg
n/1556616224627.jpg
n/1556616224628.jpg
n/1556616224626.jpg
n/1556616224391.jpg
n/1556616224625.jpg
n/1556616224390.jpg
n/1556616224389.jpg
n/1556616224387.jpg
n/1556616224388.jpg
n/1556616224384.jpg
n/1556616224385.jpg
n/1556616224383.jpg
n/1556616224381.jpg
n/1556616224382.jpg
n/1556616224380.jpg
n/1556616224241.jpg
n/1556616224379.jpg
n/1556616224239.jpg
n/1556616224240.jpg
n/1556616224237.jpg
n/1556616224235.jpg
n/1556616224236.jpg
n/1556616224233.jpg
n/1556616224234.jpg
n/1556616224232.jpg
n/1556616224231.jpg
n/1556616224230.jpg
n/1556616224229.jpg
n/1556616224226.jpg
n/1556616224228.jpg
n/1556616224225.jpg
n/1556616224224.jpg
n/1556616224223.jpg
n/1556616224221.jpg
n/1556616224222.jpg
n/1556616224220.jpg
n/1556616224218.jpg
n/1556616224219.jpg
n/1556616224217.jpg
n/1556616224215.jpg
n/1556616224213.jpg
n/1556616224214.jpg
n/1556616224212.jpg
n/1556616224210.jpg
n/1556616224211.jpg
n/1556616224209.jpg
n/1556616224207.jpg
n/1556616224208.jpg
n/1556616224206.jpg
n/1556616224203.jpg
n/1556616224202.jpg
n/1556616224201.jpg
n/1556616224200.jpg
n/1556616224198.jpg
n/1556616224199.jpg
n/1556616224197.jpg
n/1556616224195.jpg
n/1556616224196.jpg
n/1556616224194.jpg
n/1556616224192.jpg
n/1556616224191.jpg
n/1556616224190.jpg
n/1556616224189.jpg
n/1556616224188.jpg
n/1556616224187.jpg
n/1556616224184.jpg
n/1556616223808.jpg
n/1556616223806.jpg
n/1556616223807.jpg
n/1556616223804.jpg
n/1556616223802.jpg
n/1556616223803.jpg
n/1556616223801.jpg
n/1556616223800.jpg
n/1556616223799.jpg
n/1556616223798.jpg
n/1556616223797.jpg
n/1556616223796.jpg
n/1556616223795.jpg
n/1556616223793.jpg
n/1556616223792.jpg
n/1556616223791.jpg
n/1556616223790.jpg
n/1556616223788.jpg
n/1556616223789.jpg
n/1556616223786.jpg
n/1556616223787.jpg
n/1556616223785.jpg
n/1556616223784.jpg
n/1556616223781.jpg
n/1556616223782.jpg
n/1556616223780.jpg
n/1556616223777.jpg
n/1556616223778.jpg
n/1556616223779.jpg
n/1556616223776.jpg
n/1556616223774.jpg
n/1556616223775.jpg
n/1556616223771.jpg
n/1556616223773.jpg
n/1556616223770.jpg
n/1556616223768.jpg
n/1556616223769.jpg
n/1556616223767.jpg
n/1556616223766.jpg
n/1556616223764.jpg
n/1556616223765.jpg
n/1556616223762.jpg
n/1556616223763.jpg
n/1556616223760.jpg
n/1556616223759.jpg
n/1556616223757.jpg
n/1556616223758.jpg
n/1556616223755.jpg
n/1556616223756.jpg
n/1556616223753.jpg
n/1556616223754.jpg
n/1556616223752.jpg
n/1556616223738.jpg
n/1556616223751.jpg
n/1556616223736.jpg
n/1556616223737.jpg
n/1556616223734.jpg
n/1556616223735.jpg
n/1556616223733.jpg
n/1556616223731.jpg
n/1556616223732.jpg
n/1556616223729.jpg
n/1556616223730.jpg
n/1556616223726.jpg
n/1556616223727.jpg
n/1556616223725.jpg
n/1556616223724.jpg
n/1556616223723.jpg
n/1556616223722.jpg
n/1556616223721.jpg
n/1556616223720.jpg
n/1556616223719.jpg
n/1556616223718.jpg
n/1556616223716.jpg
n/1556616223714.jpg
n/1556616223715.jpg
n/1556616223713.jpg
n/1556616223703.jpg
n/1556616223704.jpg
n/1556616223702.jpg
n/1556616223701.jpg
n/1556616223699.jpg
n/1556616223700.jpg
n/1556616223695.jpg
n/1556616223696.jpg
n/1556616223694.jpg
n/1556616223692.jpg
n/1556616223693.jpg
n/1556616223691.jpg
n/1556616223689.jpg
n/1556616223690.jpg
n/1556616223687.jpg
n/1556616223688.jpg
n/1556616223685.jpg
n/1556616223684.jpg
n/1556616223683.jpg
n/1556616223682.jpg
n/1556616223681.jpg
n/1556616223680.jpg
n/1556616223679.jpg
n/1556616223678.jpg
n/1556616223677.jpg
n/1556616223676.jpg
n/1556616223661.jpg
n/1556616223660.jpg
n/1556616223659.jpg
n/1556616223658.jpg
n/1556616223657.jpg
n/1556616223655.jpg
n/1556616223656.jpg
n/1556616223653.jpg
n/1556616223654.jpg
n/1556616223652.jpg
n/1556616223649.jpg
n/1556616223650.jpg
n/1556616223648.jpg
n/1556616223646.jpg
n/1556616223647.jpg
n/1556616223645.jpg
n/1556616223644.jpg
n/1556616223643.jpg
n/1556616223642.jpg
n/1556616223639.jpg
n/1556616223641.jpg
n/1556616223638.jpg
n/1556616223637.jpg
n/1556616223636.jpg
n/1556616223625.jpg
n/1556616223612.jpg
n/1556616223611.jpg
n/1556616223610.jpg
n/1556616223608.jpg
n/1556616223609.jpg
n/1556616223606.jpg
n/1556616223605.jpg
n/1556616223604.jpg
n/1556616223602.jpg
n/1556616223603.jpg
n/1556616223601.jpg
n/1556616223599.jpg
n/1556616223600.jpg
n/1556616223598.jpg
n/1556616223595.jpg
n/1556616223597.jpg
n/1556616223593.jpg
n/1556616223594.jpg
n/1556616223592.jpg
n/1556616223590.jpg
n/1556616223591.jpg
n/1556616223588.jpg
n/1556616223589.jpg
n/1556616223586.jpg
n/1556616223587.jpg
n/1556616223583.jpg
n/1556616223584.jpg
n/1556616223581.jpg
n/1556616223582.jpg
n/1556616223579.jpg
n/1556616223580.jpg
n/1556616223578.jpg
n/1556616223576.jpg
n/1556616223577.jpg
n/1556616223575.jpg
n/1556616223572.jpg
n/1556616223573.jpg
n/1556616223571.jpg
n/1556616223570.jpg
n/1556616223569.jpg
n/1556616223568.jpg
n/1556616223567.jpg
n/1556616223566.jpg
n/1556616223565.jpg
n/1556616223564.jpg
n/1556616223562.jpg
n/1556616223561.jpg
n/1556616223560.jpg
n/1556616223559.jpg
n/1556616223558.jpg
n/1556616223557.jpg
n/1556616223556.jpg
n/1556616223555.jpg
n/1556616223554.jpg
n/1556616223553.jpg
n/1556616223550.jpg
n/1556616223548.jpg
n/1556616223549.jpg
n/1556616223547.jpg
n/1556616223546.jpg
n/1556616223545.jpg
n/1556616223544.jpg
n/1556616223542.jpg
n/1556616223543.jpg
n/1556616223541.jpg
n/1556616223539.jpg
n/1556616223538.jpg
n/1556616223537.jpg
n/1556616223536.jpg
n/1556616223534.jpg
n/1556616223535.jpg
n/1556616223533.jpg
n/1556616223532.jpg
n/1556616223531.jpg
n/1556616223528.jpg
n/1556616223530.jpg
n/1556616223526.jpg
n/1556616223527.jpg
n/1556616223524.jpg
n/1556616223525.jpg
n/1556616223523.jpg
n/1556616223521.jpg
n/1556616223522.jpg
n/1556616223520.jpg
n/1556616223517.jpg
n/1556616223519.jpg
n/1556616223516.jpg
n/1556616223515.jpg
n/1556616223514.jpg
n/1556616223513.jpg
n/1556616223512.jpg
n/1556616223511.jpg
n/1556616223510.jpg
n/1556616223509.jpg
n/1556616223506.jpg
n/1556616223508.jpg
n/1556616223505.jpg
n/1556616223503.jpg
n/1556616223504.jpg
n/1556616223502.jpg
n/1556616223501.jpg
n/1556616223499.jpg
n/1556616223500.jpg
n/1556616223498.jpg
n/1556616223497.jpg
n/1556616223494.jpg
n/1556616223495.jpg
n/1556616223492.jpg
n/1556616223493.jpg
n/1556616223490.jpg
n/1556616223491.jpg
n/1556616223488.jpg
n/1556616223489.jpg
n/1556616223487.jpg
n/1556616223479.jpg
n/1556616223481.jpg
n/1556616223477.jpg
n/1556616223478.jpg
n/1556616223476.jpg
n/1556616223475.jpg
n/1556616223474.jpg
n/1556616223472.jpg
n/1556616223473.jpg
n/1556616223470.jpg
n/1556616223471.jpg
n/1556616223468.jpg
n/1556616223466.jpg
n/1556616223467.jpg
n/1556616223465.jpg
n/1556616223463.jpg
n/1556616223464.jpg
n/1556616223461.jpg
n/1556616223462.jpg
n/1556616223460.jpg
n/1556616223459.jpg
n/1556616223457.jpg
n/1556616223456.jpg
n/1556616223455.jpg
n/1556616223453.jpg
n/1556616223454.jpg
n/1556616223452.jpg
n/1556616223451.jpg
n/1556616223450.jpg
n/1556616223449.jpg
n/1556616223446.jpg
n/1556616223448.jpg
n/1556616223444.jpg
n/1556616223445.jpg
n/1556616223442.jpg
n/1556616223443.jpg
n/1556616223441.jpg
n/1556616223439.jpg
n/1556616223440.jpg
n/1556616223437.jpg
n/1556616223438.jpg
n/1556616223433.jpg
n/1556616223434.jpg
n/1556616223431.jpg
n/1556616223432.jpg
n/1556616223430.jpg
n/1556616223429.jpg
n/1556616223428.jpg
n/1556616223426.jpg
n/1556616223427.jpg
n/1556616223425.jpg
n/1556616223422.jpg
n/1556616223423.jpg
n/1556616223421.jpg
n/1556616223420.jpg
n/1556616223419.jpg
n/1556616223417.jpg
n/1556616223418.jpg
n/1556616223416.jpg
n/1556616223414.jpg
n/1556616223415.jpg
n/1556616223412.jpg
n/1556616223411.jpg
n/1556616223409.jpg
n/1556616223410.jpg
n/1556616223408.jpg
n/1556616223406.jpg
n/1556616223407.jpg
n/1556616223405.jpg
n/1556616223404.jpg
n/1556616223401.jpg
n/1556616223403.jpg
n/1556616223400.jpg
n/1556616223399.jpg
n/1556616223398.jpg
n/1556616223397.jpg
n/1556616223396.jpg
n/1556616223382.jpg
n/1556616223381.jpg
n/1556616223380.jpg
n/1556616223379.jpg
n/1556616223377.jpg
n/1556616223376.jpg
n/1556616223374.jpg
n/1556616223375.jpg
n/1556616223373.jpg
n/1556616223371.jpg
n/1556616223372.jpg
n/1556616223370.jpg
n/1556616223369.jpg
n/1556616223368.jpg
n/1556616223366.jpg
n/1556616223364.jpg
n/1556616223365.jpg
n/1556616223362.jpg
n/1556616223363.jpg
n/1556616223360.jpg
n/1556616223361.jpg
n/1556616223358.jpg
n/1556616223359.jpg
n/1556616223355.jpg
n/1556616223357.jpg
n/1556616223352.jpg
n/1556616223353.jpg
n/1556616223354.jpg
n/1556616223350.jpg
n/1556616223351.jpg
n/1556616223347.jpg
n/1556616223348.jpg
n/1556616223349.jpg
n/1556616223346.jpg
n/1556616223343.jpg
n/1556616223344.jpg
n/1556616223342.jpg
n/1556616223340.jpg
n/1556616223341.jpg
n/1556616223338.jpg
n/1556616223339.jpg
n/1556616223337.jpg
n/1556616223336.jpg
n/1556616223335.jpg
n/1556616223333.jpg
n/1556616223331.jpg
n/1556616223332.jpg
n/1556616223329.jpg
n/1556616223330.jpg
n/1556616223327.jpg
n/1556616223328.jpg
n/1556616223326.jpg
n/1556616223325.jpg
n/1556616223322.jpg
n/1556616223324.jpg
n/1556616223321.jpg
n/1556616223320.jpg
n/1556616223319.jpg
n/1556616223318.jpg
n/1556616223317.jpg
n/1556616223305.jpg
n/1556616223304.jpg
n/1556616223303.jpg
n/1556616223302.jpg
n/1556616223299.jpg
n/1556616223298.jpg
n/1556616223297.jpg
n/1556616223296.jpg
n/1556616223295.jpg
n/1556616223293.jpg
n/1556616223294.jpg
n/1556616223291.jpg
n/1556616223292.jpg
n/1556616223290.jpg
n/1556616223287.jpg
n/1556616223288.jpg
n/1556616223285.jpg
n/1556616223286.jpg
n/1556616223283.jpg
n/1556616223284.jpg
n/1556616223282.jpg
n/1556616223281.jpg
n/1556616223280.jpg
n/1556616223279.jpg
n/1556616223276.jpg
n/1556616223277.jpg
n/1556616223274.jpg
n/1556616223275.jpg
n/1556616223272.jpg
n/1556616223273.jpg
n/1556616223271.jpg
n/1556616223269.jpg
n/1556616223270.jpg
n/1556616223266.jpg
n/1556616223268.jpg
n/1556616223264.jpg
n/1556616223265.jpg
n/1556616223261.jpg
n/1556616223262.jpg
n/1556616223263.jpg
n/1556616223258.jpg
n/1556616223259.jpg
n/1556616223260.jpg
n/1556616223254.jpg
n/1556616223255.jpg
n/1556616223257.jpg
n/1556616223252.jpg
n/1556616223253.jpg
n/1556616223250.jpg
n/1556616223251.jpg
n/1556616223249.jpg
n/1556616223248.jpg
n/1556616223247.jpg
n/1556616223246.jpg
n/1556616223244.jpg
n/1556616223243.jpg
n/1556616223242.jpg
n/1556616223241.jpg
n/1556616223240.jpg
n/1556616223238.jpg
n/1556616223239.jpg
n/1556616223237.jpg
n/1556616223236.jpg
n/1556616223235.jpg
n/1556616223232.jpg
n/1556616223233.jpg
n/1556616223231.jpg
n/1556616223229.jpg
n/1556616223230.jpg
n/1556616223228.jpg
n/1556616223225.jpg
n/1556616223226.jpg
n/1556616223227.jpg
n/1556616223222.jpg
n/1556616223224.jpg
n/1556616223201.jpg
n/1556616223199.jpg
n/1556616223200.jpg
n/1556616223198.jpg
n/1556616223197.jpg
n/1556616223196.jpg
n/1556616223195.jpg
n/1556616223194.jpg
n/1556616223190.jpg
n/1556616223191.jpg
n/1556616223193.jpg
n/1556616223188.jpg
n/1556616223189.jpg
n/1556616223186.jpg
n/1556616223187.jpg
n/1556616223185.jpg
n/1556616223183.jpg
n/1556616223184.jpg
n/1556616223182.jpg
n/1556616223180.jpg
n/1556616223176.jpg
n/1556616223177.jpg
n/1556616223178.jpg
n/1556616223179.jpg
n/1556616223174.jpg
n/1556616223175.jpg
n/1556616223171.jpg
n/1556616223172.jpg
n/1556616223173.jpg
n/1556616227122.jpg
n/1556616227123.jpg
n/1556616227120.jpg
n/1556616227121.jpg
n/1556616227117.jpg
n/1556616227118.jpg
n/1556616227119.jpg
n/1556616227116.jpg
n/1556616227114.jpg
n/1556616227115.jpg
n/1556616227112.jpg
n/1556616227111.jpg
n/1556616227108.jpg
n/1556616227109.jpg
n/1556616227110.jpg
n/1556616227107.jpg
n/1556616227106.jpg
n/1556616227104.jpg
n/1556616227105.jpg
n/1556616227103.jpg
n/1556616227100.jpg
n/1556616227101.jpg
n/1556616227099.jpg
n/1556616227097.jpg
n/1556616227098.jpg
n/1556616227096.jpg
n/1556616227095.jpg
n/1556616227094.jpg
n/1556616227093.jpg
n/1556616227090.jpg
n/1556616227092.jpg
n/1556616227088.jpg
n/1556616227089.jpg
n/1556616227087.jpg
n/1556616227086.jpg
n/1556616227085.jpg
n/1556616227084.jpg
n/1556616227083.jpg
n/1556616227082.jpg
n/1556616227081.jpg
n/1556616227079.jpg
n/1556616227078.jpg
n/1556616227077.jpg
n/1556616227076.jpg
n/1556616227073.jpg
n/1556616227074.jpg
n/1556616227071.jpg
n/1556616227072.jpg
n/1556616227069.jpg
n/1556616227070.jpg
n/1556616227067.jpg
n/1556616227066.jpg
n/1556616227064.jpg
n/1556616227065.jpg
n/1556616227061.jpg
n/1556616227062.jpg
n/1556616227063.jpg
n/1556616227060.jpg
n/1556616227059.jpg
n/1556616227058.jpg
n/1556616227056.jpg
n/1556616227055.jpg
n/1556616227054.jpg
n/1556616227053.jpg
n/1556616227052.jpg
n/1556616227051.jpg
n/1556616227050.jpg
n/1556616227049.jpg
n/1556616227048.jpg
n/1556616227047.jpg
n/1556616227045.jpg
n/1556616227044.jpg
n/1556616227043.jpg
n/1556616227042.jpg
n/1556616227041.jpg
n/1556616227040.jpg
n/1556616227039.jpg
n/1556616227038.jpg
n/1556616227037.jpg
n/1556616227036.jpg
n/1556616227034.jpg
n/1556616227031.jpg
n/1556616227032.jpg
n/1556616227033.jpg
n/1556616227030.jpg
n/1556616227028.jpg
n/1556616227029.jpg
n/1556616227026.jpg
n/1556616227027.jpg
n/1556616227025.jpg
n/1556616227022.jpg
n/1556616227023.jpg
n/1556616227020.jpg
n/1556616227021.jpg
n/1556616227019.jpg
n/1556616227018.jpg
n/1556616227016.jpg
n/1556616227017.jpg
n/1556616227014.jpg
n/1556616227015.jpg
n/1556616227009.jpg
n/1556616227010.jpg
n/1556616227011.jpg
n/1556616227007.jpg
n/1556616227008.jpg
n/1556616227006.jpg
n/1556616227005.jpg
n/1556616227003.jpg
n/1556616227004.jpg
n/1556616227002.jpg
n/1556616226999.jpg
n/1556616227000.jpg
n/1556616226997.jpg
n/1556616226998.jpg
n/1556616226995.jpg
n/1556616226996.jpg
n/1556616226994.jpg
n/1556616226991.jpg
n/1556616226992.jpg
n/1556616226993.jpg
n/1556616226989.jpg
n/1556616226988.jpg
n/1556616226985.jpg
n/1556616226986.jpg
n/1556616226987.jpg
n/1556616226984.jpg
n/1556616226983.jpg
n/1556616226982.jpg
n/1556616226981.jpg
n/1556616226980.jpg
n/1556616226977.jpg
n/1556616226978.jpg
n/1556616226975.jpg
n/1556616226976.jpg
n/1556616226973.jpg
n/1556616226974.jpg
n/1556616226971.jpg
n/1556616226972.jpg
n/1556616226969.jpg
n/1556616226970.jpg
n/1556616226966.jpg
n/1556616226967.jpg
n/1556616226964.jpg
n/1556616226965.jpg
n/1556616226963.jpg
n/1556616226961.jpg
n/1556616226962.jpg
n/1556616226960.jpg
n/1556616226959.jpg
n/1556616226958.jpg
n/1556616226956.jpg
n/1556616226954.jpg
n/1556616226955.jpg
n/1556616226952.jpg
n/1556616226953.jpg
n/1556616226950.jpg
n/1556616226951.jpg
n/1556616226948.jpg
n/1556616226949.jpg
n/1556616226944.jpg
n/1556616226945.jpg
n/1556616226947.jpg
n/1556616226942.jpg
n/1556616226943.jpg
n/1556616226940.jpg
n/1556616226941.jpg
n/1556616226938.jpg
n/1556616226939.jpg
n/1556616226937.jpg
n/1556616226934.jpg
n/1556616226936.jpg
n/1556616226932.jpg
n/1556616226933.jpg
n/1556616226929.jpg
n/1556616226930.jpg
n/1556616226928.jpg
n/1556616226927.jpg
n/1556616226926.jpg
n/1556616226925.jpg
n/1556616226924.jpg
n/1556616226922.jpg
n/1556616226921.jpg
n/1556616226920.jpg
n/1556616226918.jpg
n/1556616226919.jpg
n/1556616226917.jpg
n/1556616226916.jpg
n/1556616226914.jpg
n/1556616226915.jpg
n/1556616226911.jpg
n/1556616226913.jpg
n/1556616226908.jpg
n/1556616226909.jpg
n/1556616226910.jpg
n/1556616226907.jpg
n/1556616226905.jpg
n/1556616226906.jpg
n/1556616226904.jpg
n/1556616226902.jpg
n/1556616226903.jpg
n/1556616226899.jpg
n/1556616226898.jpg
n/1556616226897.jpg
n/1556616226895.jpg
n/1556616226896.jpg
n/1556616226894.jpg
n/1556616226893.jpg
n/1556616226891.jpg
n/1556616226892.jpg
n/1556616226888.jpg
n/1556616226890.jpg
n/1556616226887.jpg
n/1556616226885.jpg
n/1556616226886.jpg
n/1556616226884.jpg
n/1556616226883.jpg
n/1556616226882.jpg
n/1556616226881.jpg
n/1556616226879.jpg
n/1556616226880.jpg
n/1556616226874.jpg
n/1556616226873.jpg
n/1556616226872.jpg
n/1556616226871.jpg
n/1556616226870.jpg
n/1556616226869.jpg
n/1556616226867.jpg
n/1556616226868.jpg
n/1556616226866.jpg
n/1556616226863.jpg
n/1556616226865.jpg
n/1556616226861.jpg
n/1556616226862.jpg
n/1556616226860.jpg
n/1556616226859.jpg
n/1556616226858.jpg
n/1556616226857.jpg
n/1556616226856.jpg
n/1556616226855.jpg
n/1556616226854.jpg
n/1556616226852.jpg
n/1556616226850.jpg
n/1556616226851.jpg
n/1556616226848.jpg
n/1556616226849.jpg
n/1556616226846.jpg
n/1556616226847.jpg
n/1556616226844.jpg
n/1556616226845.jpg
n/1556616226841.jpg
n/1556616226843.jpg
n/1556616226839.jpg
n/1556616226840.jpg
n/1556616226837.jpg
n/1556616226838.jpg
n/1556616226835.jpg
n/1556616226836.jpg
n/1556616226833.jpg
n/1556616226834.jpg
n/1556616226830.jpg
n/1556616226832.jpg
n/1556616226828.jpg
n/1556616226829.jpg
n/1556616226825.jpg
n/1556616226826.jpg
n/1556616226827.jpg
n/1556616226822.jpg
n/1556616226823.jpg
n/1556616226824.jpg
n/1556616226821.jpg
n/1556616226819.jpg
n/1556616226817.jpg
n/1556616226818.jpg
n/1556616226816.jpg
n/1556616226814.jpg
n/1556616226815.jpg
n/1556616226813.jpg
n/1556616226810.jpg
n/1556616226811.jpg
n/1556616226812.jpg
n/1556616226807.jpg
n/1556616226808.jpg
n/1556616226805.jpg
n/1556616226806.jpg
n/1556616226802.jpg
n/1556616226803.jpg
n/1556616226804.jpg
n/1556616226799.jpg
n/1556616226800.jpg
n/1556616226801.jpg
n/1556616226797.jpg
n/1556616226796.jpg
n/1556616226795.jpg
n/1556616226793.jpg
n/1556616226794.jpg
n/1556616226790.jpg
n/1556616226791.jpg
n/1556616226792.jpg
n/1556616226789.jpg
n/1556616226785.jpg
n/1556616226788.jpg
n/1556616226783.jpg
n/1556616226784.jpg
n/1556616226781.jpg
n/1556616226782.jpg
n/1556616226779.jpg
n/1556616226780.jpg
n/1556616226778.jpg
n/1556616226777.jpg
n/1556616226776.jpg
n/1556616226774.jpg
n/1556616226773.jpg
n/1556616226772.jpg
n/1556616226771.jpg
n/1556616226770.jpg
n/1556616226768.jpg
n/1556616226769.jpg
n/1556616226767.jpg
n/1556616226766.jpg
n/1556616226765.jpg
n/1556616226763.jpg
n/1556616226762.jpg
n/1556616226761.jpg
n/1556616226760.jpg
n/1556616226759.jpg
n/1556616226757.jpg
n/1556616226758.jpg
n/1556616226755.jpg
n/1556616226756.jpg
n/1556616226752.jpg
n/1556616226754.jpg
n/1556616226751.jpg
n/1556616226750.jpg
n/1556616226748.jpg
n/1556616226749.jpg
n/1556616226747.jpg
n/1556616226744.jpg
n/1556616226745.jpg
n/1556616226746.jpg
n/1556616226741.jpg
n/1556616226743.jpg
n/1556616226738.jpg
n/1556616226739.jpg
n/1556616226740.jpg
n/1556616226737.jpg
n/1556616226736.jpg
n/1556616226734.jpg
n/1556616226735.jpg
n/1556616226732.jpg
n/1556616226733.jpg
n/1556616226730.jpg
n/1556616226728.jpg
n/1556616226729.jpg
n/1556616226726.jpg
n/1556616226727.jpg
n/1556616226725.jpg
n/1556616226723.jpg
n/1556616226724.jpg
n/1556616226721.jpg
n/1556616226722.jpg
n/1556616226718.jpg
n/1556616226719.jpg
n/1556616226716.jpg
n/1556616226717.jpg
n/1556616226714.jpg
n/1556616226715.jpg
n/1556616226711.jpg
n/1556616226712.jpg
n/1556616226713.jpg
n/1556616226710.jpg
n/1556616226708.jpg
n/1556616226707.jpg
n/1556616226706.jpg
n/1556616226705.jpg
n/1556616226704.jpg
n/1556616226702.jpg
n/1556616226703.jpg
n/1556616226700.jpg
n/1556616226701.jpg
n/1556616226699.jpg
n/1556616226697.jpg
n/1556616226695.jpg
n/1556616226696.jpg
n/1556616226694.jpg
n/1556616226691.jpg
n/1556616226692.jpg
n/1556616226693.jpg
n/1556616226690.jpg
n/1556616226688.jpg
n/1556616226689.jpg
n/1556616226685.jpg
n/1556616226686.jpg
n/1556616226683.jpg
n/1556616226684.jpg
n/1556616226682.jpg
n/1556616226681.jpg
n/1556616226679.jpg
n/1556616226680.jpg
n/1556616226677.jpg
n/1556616226678.jpg
n/1556616226673.jpg
n/1556616226674.jpg
n/1556616226672.jpg
n/1556616226669.jpg
n/1556616226671.jpg
n/1556616226666.jpg
n/1556616226668.jpg
n/1556616226664.jpg
n/1556616226665.jpg
n/1556616226662.jpg
n/1556616226658.jpg
n/1556616226659.jpg
n/1556616226655.jpg
n/1556616226657.jpg
n/1556616226652.jpg
n/1556616226653.jpg
n/1556616226650.jpg
n/1556616226649.jpg
n/1556616226648.jpg
n/1556616226642.jpg
n/1556616226646.jpg
n/1556616226455.jpg
n/1556616226456.jpg
n/1556616226640.jpg
n/1556616226451.jpg
n/1556616226452.jpg
n/1556616226449.jpg
n/1556616226450.jpg
n/1556616226448.jpg
n/1556616226445.jpg
n/1556616226447.jpg
n/1556616226444.jpg
n/1556616226442.jpg
n/1556616226443.jpg
n/1556616226441.jpg
n/1556616226439.jpg
n/1556616226440.jpg
n/1556616226437.jpg
n/1556616226438.jpg
n/1556616226434.jpg
n/1556616226436.jpg
n/1556616226432.jpg
n/1556616226433.jpg
n/1556616226431.jpg
n/1556616226429.jpg
n/1556616226430.jpg
n/1556616226428.jpg
n/1556616226427.jpg
n/1556616226426.jpg
n/1556616226425.jpg
n/1556616226422.jpg
n/1556616226423.jpg
n/1556616226421.jpg
n/1556616226420.jpg
n/1556616226419.jpg
n/1556616226418.jpg
n/1556616226416.jpg
n/1556616226417.jpg
n/1556616226415.jpg
n/1556616226414.jpg
n/1556616226412.jpg
n/1556616226410.jpg
n/1556616226411.jpg
n/1556616226409.jpg
n/1556616226407.jpg
n/1556616226408.jpg
n/1556616226406.jpg
n/1556616226405.jpg
n/1556616226404.jpg
n/1556616226403.jpg
n/1556616226401.jpg
n/1556616226400.jpg
n/1556616226399.jpg
n/1556616226398.jpg
n/1556616226397.jpg
n/1556616226395.jpg
n/1556616226396.jpg
n/1556616226394.jpg
n/1556616226393.jpg
n/1556616226392.jpg
n/1556616226390.jpg
n/1556616226388.jpg
n/1556616226389.jpg
n/1556616226387.jpg
n/1556616226385.jpg
n/1556616226386.jpg
n/1556616226382.jpg
n/1556616226383.jpg
n/1556616226384.jpg
n/1556616226379.jpg
n/1556616226381.jpg
n/1556616226377.jpg
n/1556616226378.jpg
n/1556616226376.jpg
n/1556616226374.jpg
n/1556616226375.jpg
n/1556616226372.jpg
n/1556616226373.jpg
n/1556616226370.jpg
n/1556616226371.jpg
n/1556616226364.jpg
n/1556616226365.jpg
n/1556616226366.jpg
n/1556616226367.jpg
n/1556616226358.jpg
n/1556616226362.jpg
n/1556616226363.jpg
n/1556616226357.jpg
n/1556616226353.jpg
n/1556616226352.jpg
n/1556616226350.jpg
n/1556616226349.jpg
n/1556616226348.jpg
n/1556616226346.jpg
n/1556616226347.jpg
n/1556616226345.jpg
n/1556616226343.jpg
n/1556616226344.jpg
n/1556616226342.jpg
n/1556616226339.jpg
n/1556616226341.jpg
n/1556616226338.jpg
n/1556616226337.jpg
n/1556616226336.jpg
n/1556616226335.jpg
n/1556616226334.jpg
n/1556616226333.jpg
n/1556616226332.jpg
n/1556616226331.jpg
n/1556616226328.jpg
n/1556616226330.jpg
n/1556616226326.jpg
n/1556616226327.jpg
n/1556616226325.jpg
n/1556616226323.jpg
n/1556616226324.jpg
n/1556616226322.jpg
n/1556616226321.jpg
n/1556616226320.jpg
n/1556616226319.jpg
n/1556616226317.jpg
n/1556616226315.jpg
n/1556616226316.jpg
n/1556616226314.jpg
n/1556616226313.jpg
n/1556616226312.jpg
n/1556616226311.jpg
n/1556616226310.jpg
n/1556616226309.jpg
n/1556616226308.jpg
n/1556616226304.jpg
n/1556616226305.jpg
n/1556616226306.jpg
n/1556616226303.jpg
n/1556616226302.jpg
n/1556616226301.jpg
n/1556616226300.jpg
n/1556616226298.jpg
n/1556616226299.jpg
n/1556616226297.jpg
n/1556616226255.jpg
n/1556616226254.jpg
n/1556616226253.jpg
n/1556616226252.jpg
n/1556616226250.jpg
n/1556616226251.jpg
n/1556616226249.jpg
n/1556616226248.jpg
n/1556616226246.jpg
n/1556616226247.jpg
n/1556616226244.jpg
n/1556616226243.jpg
n/1556616226242.jpg
n/1556616226241.jpg
n/1556616226239.jpg
n/1556616226240.jpg
n/1556616226237.jpg
n/1556616226238.jpg
n/1556616226236.jpg
n/1556616226235.jpg
n/1556616226233.jpg
n/1556616226231.jpg
n/1556616226232.jpg
n/1556616226230.jpg
n/1556616226229.jpg
n/1556616226228.jpg
n/1556616226227.jpg
n/1556616226226.jpg
n/1556616226225.jpg
n/1556616226224.jpg
n/1556616226222.jpg
n/1556616226220.jpg
n/1556616226221.jpg
n/1556616226219.jpg
n/1556616226217.jpg
n/1556616226218.jpg
n/1556616226216.jpg
n/1556616226214.jpg
n/1556616226215.jpg
n/1556616226213.jpg
n/1556616226209.jpg
n/1556616226210.jpg
n/1556616226207.jpg
n/1556616226208.jpg
n/1556616226205.jpg
n/1556616226206.jpg
n/1556616226203.jpg
n/1556616226204.jpg
n/1556616226202.jpg
n/1556616226199.jpg
n/1556616226201.jpg
n/1556616226198.jpg
n/1556616226197.jpg
n/1556616226196.jpg
n/1556616226195.jpg
n/1556616226194.jpg
n/1556616226192.jpg
n/1556616226193.jpg
n/1556616226191.jpg
n/1556616226188.jpg
n/1556616226190.jpg
n/1556616226186.jpg
n/1556616226187.jpg
n/1556616226185.jpg
n/1556616226184.jpg
n/1556616226182.jpg
n/1556616226183.jpg
n/1556616226180.jpg
n/1556616226181.jpg
n/1556616226179.jpg
n/1556616226176.jpg
n/1556616226177.jpg
n/1556616226175.jpg
n/1556616226174.jpg
n/1556616226173.jpg
n/1556616226171.jpg
n/1556616226172.jpg
n/1556616226169.jpg
n/1556616226170.jpg
n/1556616226166.jpg
n/1556616226168.jpg
n/1556616226164.jpg
n/1556616226165.jpg
n/1556616226161.jpg
n/1556616226162.jpg
n/1556616226163.jpg
n/1556616226159.jpg
n/1556616226160.jpg
n/1556616226157.jpg
n/1556616226158.jpg
n/1556616226155.jpg
n/1556616226154.jpg
n/1556616226153.jpg
n/1556616226151.jpg
n/1556616226152.jpg
n/1556616226149.jpg
n/1556616226150.jpg
n/1556616226148.jpg
n/1556616226126.jpg
n/1556616226127.jpg
n/1556616226124.jpg
n/1556616226122.jpg
n/1556616226123.jpg
n/1556616226121.jpg
n/1556616226119.jpg
n/1556616226120.jpg
n/1556616226117.jpg
n/1556616226118.jpg
n/1556616226116.jpg
n/1556616226113.jpg
n/1556616226115.jpg
n/1556616226112.jpg
n/1556616226110.jpg
n/1556616226111.jpg
n/1556616226109.jpg
n/1556616226107.jpg
n/1556616226108.jpg
n/1556616226106.jpg
n/1556616226104.jpg
n/1556616226105.jpg
n/1556616226102.jpg
n/1556616226100.jpg
n/1556616226101.jpg
n/1556616225796.jpg
n/1556616225795.jpg
n/1556616225794.jpg
n/1556616225792.jpg
n/1556616225793.jpg
n/1556616225790.jpg
n/1556616225791.jpg
n/1556616225788.jpg
n/1556616225787.jpg
n/1556616225786.jpg
n/1556616225785.jpg
n/1556616225784.jpg
n/1556616225783.jpg
n/1556616225782.jpg
n/1556616225781.jpg
n/1556616225779.jpg
n/1556616225780.jpg
n/1556616225775.jpg
n/1556616225776.jpg
n/1556616225773.jpg
n/1556616225774.jpg
n/1556616225772.jpg
n/1556616225771.jpg
n/1556616225770.jpg
n/1556616225768.jpg
n/1556616225769.jpg
n/1556616225765.jpg
n/1556616225767.jpg
n/1556616225764.jpg
n/1556616225762.jpg
n/1556616225763.jpg
n/1556616225761.jpg
n/1556616225760.jpg
n/1556616225759.jpg
n/1556616225757.jpg
n/1556616225758.jpg
n/1556616225754.jpg
n/1556616225756.jpg
n/1556616225753.jpg
n/1556616225750.jpg
n/1556616225752.jpg
n/1556616225710.jpg
n/1556616225727.jpg
n/1556616225709.jpg
n/1556616225708.jpg
n/1556616225707.jpg
n/1556616225706.jpg
n/1556616225704.jpg
n/1556616225703.jpg
n/1556616225702.jpg
n/1556616225701.jpg
n/1556616225700.jpg
n/1556616225699.jpg
n/1556616225697.jpg
n/1556616225698.jpg
n/1556616225696.jpg
n/1556616225695.jpg
n/1556616225673.jpg
n/1556616225674.jpg
n/1556616225672.jpg
n/1556616225671.jpg
n/1556616225670.jpg
n/1556616225669.jpg
n/1556616225668.jpg
n/1556616225667.jpg
n/1556616225666.jpg
n/1556616225665.jpg
n/1556616225662.jpg
n/1556616225663.jpg
n/1556616225660.jpg
n/1556616225661.jpg
n/1556616225659.jpg
n/1556616225658.jpg
n/1556616225656.jpg
n/1556616225657.jpg
n/1556616225655.jpg
n/1556616225654.jpg
n/1556616225652.jpg
n/1556616225651.jpg
n/1556616225650.jpg
n/1556616225649.jpg
n/1556616225648.jpg
n/1556616225647.jpg
n/1556616225645.jpg
n/1556616225646.jpg
n/1556616225644.jpg
n/1556616225641.jpg
n/1556616225643.jpg
n/1556616225639.jpg
n/1556616225640.jpg
n/1556616225637.jpg
n/1556616225638.jpg
n/1556616225636.jpg
n/1556616225576.jpg
n/1556616225635.jpg
n/1556616225575.jpg
n/1556616225571.jpg
n/1556616225572.jpg
n/1556616225574.jpg
n/1556616225568.jpg
n/1556616225569.jpg
n/1556616225570.jpg
n/1556616225567.jpg
n/1556616225565.jpg
n/1556616225566.jpg
n/1556616225561.jpg
n/1556616225563.jpg
n/1556616225564.jpg
n/1556616225558.jpg
n/1556616225559.jpg
n/1556616225560.jpg
n/1556616225556.jpg
n/1556616225557.jpg
n/1556616225553.jpg
n/1556616225554.jpg
n/1556616225555.jpg
n/1556616225549.jpg
n/1556616225552.jpg
n/1556616225504.jpg
n/1556616225548.jpg
n/1556616225482.jpg
n/1556616225493.jpg
n/1556616225449.jpg
n/1556616225460.jpg
n/1556616225471.jpg
n/1556616225427.jpg
n/1556616225438.jpg
n/1556616225371.jpg
n/1556616225404.jpg
n/1556616225415.jpg
n/1556616225335.jpg
n/1556616225324.jpg
n/1556616225302.jpg
n/1556616225313.jpg
n/1556616225291.jpg
n/1556616225280.jpg
n/1556616225222.jpg
n/1556616225233.jpg
n/1556616225269.jpg
n/1556616225211.jpg
n/1556616225092.jpg
n/1556616225070.jpg
n/1556616225081.jpg
n/1556616224867.jpg
n/1556616225025.jpg
n/1556616225059.jpg
n/1556616224844.jpg
n/1556616224856.jpg
n/1556616224822.jpg
n/1556616224833.jpg
n/1556616224799.jpg
n/1556616224810.jpg
n/1556616224777.jpg
n/1556616224788.jpg
n/1556616224766.jpg
n/1556616224676.jpg
n/1556616224688.jpg
n/1556616224755.jpg
n/1556616224652.jpg
n/1556616224663.jpg
n/1556616224641.jpg
n/1556616224630.jpg
n/1556616224238.jpg
n/1556616224386.jpg
n/1556616224227.jpg
n/1556616224205.jpg
n/1556616224216.jpg
n/1556616224193.jpg
n/1556616223805.jpg
n/1556616223794.jpg
n/1556616223783.jpg
n/1556616223750.jpg
n/1556616223761.jpg
n/1556616223772.jpg
n/1556616223717.jpg
n/1556616223728.jpg
n/1556616223686.jpg
n/1556616223698.jpg
n/1556616223651.jpg
n/1556616223662.jpg
n/1556616223607.jpg
n/1556616223640.jpg
n/1556616223574.jpg
n/1556616223585.jpg
n/1556616223596.jpg
n/1556616223563.jpg
n/1556616223540.jpg
n/1556616223552.jpg
n/1556616223507.jpg
n/1556616223518.jpg
n/1556616223529.jpg
n/1556616223480.jpg
n/1556616223496.jpg
n/1556616223469.jpg
n/1556616223436.jpg
n/1556616223447.jpg
n/1556616223458.jpg
n/1556616223413.jpg
n/1556616223424.jpg
n/1556616223378.jpg
n/1556616223402.jpg
n/1556616223356.jpg
n/1556616223367.jpg
n/1556616223345.jpg
n/1556616223323.jpg
n/1556616223334.jpg
n/1556616223289.jpg
n/1556616223301.jpg
n/1556616223278.jpg
n/1556616223256.jpg
n/1556616223267.jpg
n/1556616223245.jpg
n/1556616223223.jpg
n/1556616223234.jpg
n/1556616223181.jpg
n/1556616223192.jpg
n/1556616223170.jpg
n/1556616227113.jpg
n/1556616227091.jpg
n/1556616227102.jpg
n/1556616225547.jpg
n/1556616227080.jpg
n/1556616225507.jpg
n/1556616225505.jpg
n/1556616225506.jpg
n/1556616225503.jpg
n/1556616225502.jpg
n/1556616225501.jpg
n/1556616225500.jpg
n/1556616225499.jpg
n/1556616225498.jpg
n/1556616225497.jpg
n/1556616225496.jpg
n/1556616225495.jpg
n/1556616225494.jpg
n/1556616225492.jpg
n/1556616225491.jpg
n/1556616225490.jpg
n/1556616225488.jpg
n/1556616225489.jpg
n/1556616225487.jpg
n/1556616225486.jpg
n/1556616225484.jpg
n/1556616225485.jpg
n/1556616225481.jpg
n/1556616225483.jpg
n/1556616225480.jpg
n/1556616225479.jpg
n/1556616225478.jpg
n/1556616225477.jpg
n/1556616225476.jpg
n/1556616225474.jpg
n/1556616225475.jpg
n/1556616225473.jpg
n/1556616225472.jpg
n/1556616225470.jpg
n/1556616225469.jpg
n/1556616225468.jpg
n/1556616225467.jpg
n/1556616225465.jpg
n/1556616225466.jpg
n/1556616225464.jpg
n/1556616225463.jpg
n/1556616225462.jpg
n/1556616225461.jpg
n/1556616225459.jpg
n/1556616225458.jpg
n/1556616225457.jpg
n/1556616225456.jpg
n/1556616225455.jpg
n/1556616225454.jpg
n/1556616225453.jpg
n/1556616225452.jpg
n/1556616225451.jpg
n/1556616225450.jpg
n/1556616225448.jpg
n/1556616225447.jpg
n/1556616225446.jpg
n/1556616225445.jpg
n/1556616225444.jpg
n/1556616225443.jpg
n/1556616225442.jpg
n/1556616225441.jpg
n/1556616225440.jpg
n/1556616225439.jpg
n/1556616225437.jpg
n/1556616225436.jpg
n/1556616225435.jpg
n/1556616225434.jpg
n/1556616225433.jpg
n/1556616225432.jpg
n/1556616225431.jpg
n/1556616225430.jpg
n/1556616225429.jpg
n/1556616225428.jpg
n/1556616225425.jpg
n/1556616225424.jpg
n/1556616225422.jpg
n/1556616225423.jpg
n/1556616225421.jpg
n/1556616225420.jpg
n/1556616225419.jpg
n/1556616225418.jpg
n/1556616225417.jpg
n/1556616225416.jpg
n/1556616225414.jpg
n/1556616225413.jpg
n/1556616225412.jpg
n/1556616225411.jpg
n/1556616225410.jpg
n/1556616225409.jpg
n/1556616225408.jpg
n/1556616225407.jpg
n/1556616225406.jpg
n/1556616225405.jpg
n/1556616225403.jpg
n/1556616225402.jpg
n/1556616225401.jpg
n/1556616225400.jpg
n/1556616225399.jpg
n/1556616225398.jpg
n/1556616225397.jpg
n/1556616225395.jpg
n/1556616225396.jpg
n/1556616225372.jpg
n/1556616225370.jpg
n/1556616225369.jpg