p/1556616227908.jpg 1 0 0 959 648
p/1556616227914.jpg 1 0 0 527 710
p/1556616227901.jpg 1 0 0 755 470
p/1556616227921.jpg 1 0 0 777 524
p/1556616227894.jpg 1 0 0 1434 956
p/1556616227927.jpg 1 0 0 770 513
p/1556616227952.jpg 1 0 0 1500 650
p/1556616227911.jpg 1 0 0 862 563
p/1556616227888.jpg 1 0 0 1200 630
p/1556616227947.jpg 1 0 0 1920 1080
p/1556616227889.jpg 1 0 0 2880 1555
p/1556616227950.jpg 1 0 0 1500 664
p/1556616227923.jpg 1 0 0 311 182
p/1556616227928.jpg 1 0 0 580 435
p/1556616227968.jpg 1 0 0 690 476
p/1556616227973.jpg 1 0 0 2591 1727
p/1556616227929.jpg 1 0 0 968 681
p/1556616227912.jpg 1 0 0 1920 772
p/1556616227917.jpg 1 0 0 746 420
p/1556616227962.jpg 1 0 0 800 532
p/1556616227891.jpg 1 0 0 500 230
p/1556616227961.jpg 1 0 0 1500 750
p/1556616227967.jpg 1 0 0 3840 1476
p/1556616227906.jpg 1 0 0 638 223
p/1556616227902.jpg 1 0 0 660 350
p/1556616227916.jpg 1 0 0 777 524
p/1556616227899.png 1 0 0 800 481
p/1556616227956.jpg 1 0 0 768 936
p/1556616227940.jpg 1 0 0 1268 939
p/1556616227975.jpg 1 0 0 300 300
p/1556616227893.jpg 1 0 0 1434 956
p/1556616227933.jpg 1 0 0 1000 583
p/1556616227939.jpg 1 0 0 1024 560
p/1556616227907.jpg 1 0 0 1200 900
p/1556616227899.jpg 1 0 0 580 435
p/1556616227954.jpg 1 0 0 600 350
p/1556616227972.jpg 1 0 0 600 424
p/1556616227918.jpg 1 0 0 400 268
p/1556616227969.jpg 1 0 0 3840 1440
p/1556616227905.jpg 1 0 0 1500 650
p/1556616227935.jpg 1 0 0 1300 431
p/1556616227936.jpg 1 0 0 500 500
p/1556616227971.jpg 1 0 0 770 604
p/1556616227924.jpg 1 0 0 1476 830
p/1556616227976.jpg 1 0 0 870 489
p/1556616227951.jpg 1 0 0 3281 2391
p/1556616227946.jpg 1 0 0 700 480
p/1556616227932.jpg 1 0 0 1920 1080
p/1556616227942.jpg 1 0 0 1280 720
p/1556616227964.jpg 1 0 0 1500 650
p/1556616227963.jpg 1 0 0 480 240
p/1556616227909.jpg 1 0 0 534 401
p/1556616227900.jpg 1 0 0 2364 1773
p/1556616227895.jpg 1 0 0 1434 956
p/1556616227955.jpg 1 0 0 752 334
p/1556616227926.jpg 1 0 0 990 630
p/1556616227937.jpg 1 0 0 1920 1080
p/1556616227960.jpg 1 0 0 1050 699
p/1556616227896.jpg 1 0 0 1434 956
p/1556616227945.jpg 1 0 0 1500 843
p/1556616227892.jpg 1 0 0 1440 571
p/1556616227957.jpg 1 0 0 740 506
p/1556616227949.jpg 1 0 0 1024 768
p/1556616227889.png 1 0 0 1280 720
p/1556616227974.jpg 1 0 0 1130 386
p/1556616227938.jpg 1 0 0 480 320
p/1556616227890.jpg 1 0 0 2048 1365
p/1556616227941.jpg 1 0 0 1440 900
p/1556616227913.jpg 1 0 0 425 318
p/1556616227965.jpg 1 0 0 1200 804
p/1556616227920.jpg 1 0 0 400 268
p/1556616227925.jpg 1 0 0 1500 843
p/1556616227922.jpg 1 0 0 265 150
p/1556616227888.jpeg 1 0 0 5016 3344
p/1556616227970.jpg 1 0 0 694 520
p/1556616227944.jpg 1 0 0 1024 683
p/1556616227959.jpg 1 0 0 1400 788
p/1556616227948.jpg 1 0 0 425 318
p/1556616227934.jpg 1 0 0 1000 500
p/1556616227943.jpg 1 0 0 640 480
p/1556616227910.jpg 1 0 0 696 339
p/1556616227958.jpg 1 0 0 1200 627
p/1556616227966.jpg 1 0 0 425 318
p/1556616227919.jpg 1 0 0 1600 1000
p/1556616227904.jpg 1 0 0 460 259
p/1556616227915.jpg 1 0 0 425 318
p/1556616227930.jpg 1 0 0 425 318
p/1556616227903.jpg 1 0 0 640 360
p/1556616227898.jpeg 1 0 0 6000 3376
p/1556616227898.jpg 1 0 0 500 333
p/1556616227897.jpg 1 0 0 640 300
p/1556616227931.jpg 1 0 0 425 318
p/1556616227953.jpg 1 0 0 3961 2419
p/1556616227909.jpeg 1 0 0 2000 1125